INFO: latexindent.pl version 3.8.2, 2020-06-10, a script to indent .tex files
      latexindent.pl lives here: /usr/local/bin/
      Sat Jun 20 20:57:34 2020
      Filename: cheat_sheet.tex
INFO: Processing switches:
      -l|--localSettings: Read localSettings YAML file
INFO: Directory for backup files and indent.log: .
INFO: Perl modules are being loaded from the following directories:
      /usr/share/perl/5.26/FindBin.pm
      /usr/share/perl5/YAML/Tiny.pm
      /usr/share/perl/5.26/File/Copy.pm
      /usr/share/perl/5.26/File/Basename.pm
      /usr/share/perl/5.26/Getopt/Long.pm
      /usr/share/perl5/File/HomeDir.pm
      /usr/lib/x86_64-linux-gnu/perl5/5.26/Unicode/GCString.pm
      /usr/share/perl5/Log/Log4perl.pm
INFO: Latex Indent perl modules are being loaded from, for example:
      /usr/local/bin/LatexIndent/Document.pm
INFO: YAML settings read: defaultSettings.yaml
      Reading defaultSettings.yaml from /usr/local/bin/defaultSettings.yaml
INFO: YAML settings read: indentconfig.yaml or .indentconfig.yaml
      Home directory is /home/basil (didn't find either indentconfig.yaml or .indentconfig.yaml)
      To specify user settings you would put indentconfig.yaml here: /home/basil/indentconfig.yaml
      Alternatively, you can use the hidden file .indentconfig.yaml as: /home/basil/.indentconfig.yaml
INFO: YAML settings read: -l switch
WARN: yaml file not found: ./localSettings.yaml not found. Proceeding without it.
INFO: Phase 1: searching for objects
INFO: Phase 2: finding surrounding indentation
INFO: Phase 3: indenting objects
INFO: Phase 4: final indentation check
INFO: Output routine:
      Not outputting to file; see -w and -o switches for more options.
      --------------
INFO: Please direct all communication/issues to:
      https://github.com/cmhughes/latexindent.pl
